Started GET "/" for 127.0.0.1 at 2024-11-19 11:32:10 +0700
  [1m[35m (2.2ms)[0m  [1m[34mSELECT sqlite_version(*)[0m
Processing by Rails::WelcomeController#index as HTML
  Rendering /home/hinh/.rvm/gems/ruby-3.1.0/gems/railties-6.1.7.10/lib/rails/templates/rails/welcome/index.html.erb
  Rendered /home/hinh/.rvm/gems/ruby-3.1.0/gems/railties-6.1.7.10/lib/rails/templates/rails/welcome/index.html.erb (Duration: 12.3ms | Allocations: 577)
Completed 200 OK in 38ms (Views: 22.2ms | ActiveRecord: 0.0ms | Allocations: 4602)


Started GET "/" for 127.0.0.1 at 2024-11-19 11:37:09 +0700
Processing by Rails::WelcomeController#index as HTML
  Rendering /home/hinh/.rvm/gems/ruby-3.1.0/gems/railties-6.1.7.10/lib/rails/templates/rails/welcome/index.html.erb
  Rendered /home/hinh/.rvm/gems/ruby-3.1.0/gems/railties-6.1.7.10/lib/rails/templates/rails/welcome/index.html.erb (Duration: 5.6ms | Allocations: 268)
Completed 200 OK in 8ms (Views: 6.7ms | Allocations: 1114)


Started GET "/" for 127.0.0.1 at 2024-11-19 11:37:36 +0700
Processing by ApplicationController#hello as HTML
  Rendering html template
  Rendered html template (Duration: 0.1ms | Allocations: 50)
Completed 200 OK in 3ms (Views: 2.0ms | Allocations: 840)


Started GET "/home" for 127.0.0.1 at 2024-11-19 11:55:16 +0700
  
ActionController::RoutingError (No route matches [GET] "/home"):
  
Started GET "/static_pages" for 127.0.0.1 at 2024-11-19 11:55:23 +0700
  
ActionController::RoutingError (No route matches [GET] "/static_pages"):
  
Started GET "/static_pages/home'" for 127.0.0.1 at 2024-11-19 11:55:43 +0700
  
ActionController::RoutingError (No route matches [GET] "/static_pages/home'"):
  
Started GET "/static_pages/home'" for 127.0.0.1 at 2024-11-19 11:56:37 +0700
  
ArgumentError (Missing :controller key on routes definition, please check your routes.):
  
config/routes.rb:2:in `block in <main>'
config/routes.rb:1:in `<main>'
Started GET "/static_pages/home'" for 127.0.0.1 at 2024-11-19 11:56:46 +0700
  
ActionController::RoutingError (No route matches [GET] "/static_pages/home'"):
  
Started GET "/static_pages/home" for 127.0.0.1 at 2024-11-19 11:56:52 +0700
Processing by StaticPagesController#home as HTML
  Rendering html template
  Rendered html template (Duration: 0.1ms | Allocations: 44)
Completed 200 OK in 1ms (Views: 0.9ms | Allocations: 659)


Started GET "/static_pages/home" for 127.0.0.1 at 2024-11-19 11:58:05 +0700
  
ArgumentError (Missing :controller key on routes definition, please check your routes.):
  
config/routes.rb:3:in `block in <main>'
config/routes.rb:1:in `<main>'
Started GET "/static_pages/home" for 127.0.0.1 at 2024-11-19 11:58:29 +0700
Processing by StaticPagesController#home as HTML
  Rendering html template
  Rendered html template (Duration: 0.1ms | Allocations: 44)
Completed 200 OK in 1ms (Views: 1.0ms | Allocations: 636)


Started GET "/static_pages/home" for 127.0.0.1 at 2024-11-19 13:05:35 +0700
Processing by StaticPagesController#home as HTML
  Rendering html template
  Rendered html template (Duration: 0.1ms | Allocations: 27)
Completed 200 OK in 1ms (Views: 0.6ms | Allocations: 313)


Started GET "/static_pages/home" for 127.0.0.1 at 2024-11-19 13:07:29 +0700
Processing by StaticPagesController#home as HTML
  Rendering layout layouts/application.html.erb
  Rendering static_pages/home.html.erb within layouts/application
  Rendered static_pages/home.html.erb within layouts/application (Duration: 0.5ms | Allocations: 146)
[Webpacker] Compiling...
[Webpacker] Compilation failed:
Hash: 1c5d3abb6b16cc1134bf
Version: webpack 4.47.0
Time: 431ms
Built at: 11/19/2024 1:07:31 PM
                                     Asset       Size       Chunks                         Chunk Names
    js/application-c71b9697ca75d2260040.js   8.52 KiB  application  [emitted] [immutable]  application
js/application-c71b9697ca75d2260040.js.map   3.53 KiB  application  [emitted] [dev]        application
                             manifest.json  364 bytes               [emitted]              
Entrypoint application = js/application-c71b9697ca75d2260040.js js/application-c71b9697ca75d2260040.js.map
[./app/javascript/packs/application.js] 4.62 KiB {application} [built] [failed] [1 error]

ERROR in ./app/javascript/packs/application.js
Module build failed (from ./node_modules/babel-loader/lib/index.js):
Error: Cannot find package '@babel/plugin-proposal-private-methods' imported from /home/hinh/Desktop/Rails/sample_app/babel-virtual-resolve-base.js
    at new NodeError (/home/hinh/Desktop/Rails/sample_app/node_modules/@babel/core/lib/vendor/import-meta-resolve.js:195:5)
    at packageResolve (/home/hinh/Desktop/Rails/sample_app/node_modules/@babel/core/lib/vendor/import-meta-resolve.js:899:9)
    at moduleResolve (/home/hinh/Desktop/Rails/sample_app/node_modules/@babel/core/lib/vendor/import-meta-resolve.js:939:18)
    at defaultResolve (/home/hinh/Desktop/Rails/sample_app/node_modules/@babel/core/lib/vendor/import-meta-resolve.js:1017:15)
    at resolve (/home/hinh/Desktop/Rails/sample_app/node_modules/@babel/core/lib/vendor/import-meta-resolve.js:1030:12)
    at tryImportMetaResolve (/home/hinh/Desktop/Rails/sample_app/node_modules/@babel/core/lib/config/files/plugins.js:148:45)
    at resolveStandardizedNameForImport (/home/hinh/Desktop/Rails/sample_app/node_modules/@babel/core/lib/config/files/plugins.js:173:19)
    at resolveStandardizedName (/home/hinh/Desktop/Rails/sample_app/node_modules/@babel/core/lib/config/files/plugins.js:185:22)
    at loadPlugin (/home/hinh/Desktop/Rails/sample_app/node_modules/@babel/core/lib/config/files/plugins.js:55:7)
    at loadPlugin.next (<anonymous>)
    at createDescriptor (/home/hinh/Desktop/Rails/sample_app/node_modules/@babel/core/lib/config/config-descriptors.js:140:16)
    at createDescriptor.next (<anonymous>)
    at step (/home/hinh/Desktop/Rails/sample_app/node_modules/gensync/index.js:261:32)
    at evaluateAsync (/home/hinh/Desktop/Rails/sample_app/node_modules/gensync/index.js:291:5)
    at /home/hinh/Desktop/Rails/sample_app/node_modules/gensync/index.js:44:11
    at Array.forEach (<anonymous>)
    at Function.async (/home/hinh/Desktop/Rails/sample_app/node_modules/gensync/index.js:43:15)
    at Function.all (/home/hinh/Desktop/Rails/sample_app/node_modules/gensync/index.js:216:13)
    at Generator.next (<anonymous>)
    at createDescriptors (/home/hinh/Desktop/Rails/sample_app/node_modules/@babel/core/lib/config/config-descriptors.js:102:41)
    at createDescriptors.next (<anonymous>)
    at createPluginDescriptors (/home/hinh/Desktop/Rails/sample_app/node_modules/@babel/core/lib/config/config-descriptors.js:99:17)
    at createPluginDescriptors.next (<anonymous>)
    at /home/hinh/Desktop/Rails/sample_app/node_modules/@babel/core/lib/gensync-utils/functional.js:39:27
    at Generator.next (<anonymous>)
    at mergeChainOpts (/home/hinh/Desktop/Rails/sample_app/node_modules/@babel/core/lib/config/config-chain.js:349:34)
    at mergeChainOpts.next (<anonymous>)
    at chainWalker (/home/hinh/Desktop/Rails/sample_app/node_modules/@babel/core/lib/config/config-chain.js:316:14)
    at chainWalker.next (<anonymous>)
    at loadFileChain (/home/hinh/Desktop/Rails/sample_app/node_modules/@babel/core/lib/config/config-chain.js:191:24)
    at loadFileChain.next (<anonymous>)
    at buildRootChain (/home/hinh/Desktop/Rails/sample_app/node_modules/@babel/core/lib/config/config-chain.js:77:27)
    at buildRootChain.next (<anonymous>)
    at loadPrivatePartialConfig (/home/hinh/Desktop/Rails/sample_app/node_modules/@babel/core/lib/config/partial.js:72:62)
    at loadPrivatePartialConfig.next (<anonymous>)
    at loadPartialConfig (/home/hinh/Desktop/Rails/sample_app/node_modules/@babel/core/lib/config/partial.js:115:25)
    at loadPartialConfig.next (<anonymous>)
    at step (/home/hinh/Desktop/Rails/sample_app/node_modules/gensync/index.js:269:25)
    at evaluateAsync (/home/hinh/Desktop/Rails/sample_app/node_modules/gensync/index.js:291:5)
    at /home/hinh/Desktop/Rails/sample_app/node_modules/gensync/index.js:93:9
    at new Promise (<anonymous>)
    at async (/home/hinh/Desktop/Rails/sample_app/node_modules/gensync/index.js:92:14)
    at stopHiding - secret - don't use this - v1 (/home/hinh/Desktop/Rails/sample_app/node_modules/@babel/core/lib/errors/rewrite-stack-trace.js:47:12)
    at loadPartialConfigAsync (/home/hinh/Desktop/Rails/sample_app/node_modules/@babel/core/lib/config/index.js:34:85)
    at Object.<anonymous> (/home/hinh/Desktop/Rails/sample_app/node_modules/babel-loader/lib/index.js:133:26)
    at Generator.next (<anonymous>)
    at asyncGeneratorStep (/home/hinh/Desktop/Rails/sample_app/node_modules/babel-loader/lib/index.js:3:103)
    at _next (/home/hinh/Desktop/Rails/sample_app/node_modules/babel-loader/lib/index.js:4:194)
    at /home/hinh/Desktop/Rails/sample_app/node_modules/babel-loader/lib/index.js:4:364
    at new Promise (<anonymous>)

  Rendered layout layouts/application.html.erb (Duration: 1972.9ms | Allocations: 14262)
Completed 200 OK in 1977ms (Views: 1975.4ms | Allocations: 15651)


Started GET "/static_pages/help" for 127.0.0.1 at 2024-11-19 13:07:46 +0700
Processing by StaticPagesController#help as HTML
  Rendering layout layouts/application.html.erb
  Rendering static_pages/help.html.erb within layouts/application
  Rendered static_pages/help.html.erb within layouts/application (Duration: 1.4ms | Allocations: 134)
[Webpacker] Everything's up-to-date. Nothing to do
  Rendered layout layouts/application.html.erb (Duration: 6.8ms | Allocations: 3214)
Completed 200 OK in 9ms (Views: 7.4ms | Allocations: 3885)


Started GET "/static_pages/home" for 127.0.0.1 at 2024-11-19 13:08:26 +0700
Processing by StaticPagesController#home as HTML
  Rendering layout layouts/application.html.erb
  Rendering static_pages/home.html.erb within layouts/application
  Rendered static_pages/home.html.erb within layouts/application (Duration: 1.1ms | Allocations: 150)
[Webpacker] Everything's up-to-date. Nothing to do
  Rendered layout layouts/application.html.erb (Duration: 4.7ms | Allocations: 3503)
Completed 200 OK in 9ms (Views: 7.3ms | Allocations: 4765)


Started GET "/static_pages/home" for 127.0.0.1 at 2024-11-19 13:12:10 +0700
Processing by StaticPagesController#home as HTML
  Rendering layout layouts/application.html.erb
  Rendering static_pages/home.html.erb within layouts/application
  Rendered static_pages/home.html.erb within layouts/application (Duration: 0.2ms | Allocations: 38)
[Webpacker] Everything's up-to-date. Nothing to do
  Rendered layout layouts/application.html.erb (Duration: 5.4ms | Allocations: 2961)
Completed 200 OK in 7ms (Views: 5.9ms | Allocations: 3389)


  [1m[35m (0.5ms)[0m  [1m[34mSELECT sqlite_version(*)[0m
  [1m[35m (21.0ms)[0m  [1m[35mCREATE TABLE "schema_migrations" ("version" varchar NOT NULL PRIMARY KEY)[0m
  [1m[35m (11.2ms)[0m  [1m[35mCREATE TABLE "ar_internal_metadata" ("key" varchar NOT NULL PRIMARY KEY, "value" varchar, "created_at" datetime(6) NOT NULL, "updated_at" datetime(6) NOT NULL)[0m
  [1m[36mActiveRecord::InternalMetadata Load (0.2ms)[0m  [1m[34mSELECT "ar_internal_metadata".* FROM "ar_internal_metadata" WHERE "ar_internal_metadata"."key" = ? LIMIT ?[0m  [["key", "environment"], ["LIMIT", 1]]
  [1m[36mTRANSACTION (0.1ms)[0m  [1m[36mbegin transaction[0m
  [1m[36mActiveRecord::InternalMetadata Create (0.2ms)[0m  [1m[32mINSERT INTO "ar_internal_metadata" ("key", "value", "created_at", "updated_at") VALUES (?, ?, ?, ?)[0m  [["key", "environment"], ["value", "development"], ["created_at", "2024-11-19 06:12:34.945018"], ["updated_at", "2024-11-19 06:12:34.945018"]]
  [1m[36mTRANSACTION (8.4ms)[0m  [1m[36mcommit transaction[0m
  [1m[35m (0.1ms)[0m  [1m[34mSELECT sqlite_version(*)[0m
  [1m[35m (0.1ms)[0m  [1m[34mSELECT "schema_migrations"."version" FROM "schema_migrations" ORDER BY "schema_migrations"."version" ASC[0m
Started GET "/static_pages/about" for 127.0.0.1 at 2024-11-19 13:19:11 +0700
Processing by StaticPagesController#about as HTML
  Rendering layout layouts/application.html.erb
  Rendering static_pages/about.html.erb within layouts/application
  Rendered static_pages/about.html.erb within layouts/application (Duration: 0.2ms | Allocations: 142)
[Webpacker] Everything's up-to-date. Nothing to do
  Rendered layout layouts/application.html.erb (Duration: 4.0ms | Allocations: 3474)
Completed 200 OK in 6ms (Views: 5.1ms | Allocations: 4923)


Started GET "/static_pages/about" for 127.0.0.1 at 2024-11-19 13:19:27 +0700
Processing by StaticPagesController#about as HTML
  Rendering layout layouts/application.html.erb
  Rendering static_pages/about.html.erb within layouts/application
  Rendered static_pages/about.html.erb within layouts/application (Duration: 0.9ms | Allocations: 156)
[Webpacker] Everything's up-to-date. Nothing to do
  Rendered layout layouts/application.html.erb (Duration: 9.6ms | Allocations: 3509)
Completed 200 OK in 15ms (Views: 13.1ms | Allocations: 4811)


Started GET "/static_pages/about" for 127.0.0.1 at 2024-11-19 13:19:36 +0700
Processing by StaticPagesController#about as HTML
  Rendering layout layouts/application.html.erb
  Rendering static_pages/about.html.erb within layouts/application
  Rendered static_pages/about.html.erb within layouts/application (Duration: 0.2ms | Allocations: 38)
[Webpacker] Everything's up-to-date. Nothing to do
  Rendered layout layouts/application.html.erb (Duration: 5.8ms | Allocations: 2961)
Completed 200 OK in 7ms (Views: 6.6ms | Allocations: 3389)


Started GET "/static_pages/about" for 127.0.0.1 at 2024-11-19 13:23:54 +0700
Processing by StaticPagesController#about as HTML
  Rendering static_pages/about.html.erb
  Rendered static_pages/about.html.erb (Duration: 0.5ms | Allocations: 156)
Completed 200 OK in 5ms (Views: 3.7ms | Allocations: 1828)


Started GET "/static_pages/home" for 127.0.0.1 at 2024-11-19 13:25:37 +0700
Processing by StaticPagesController#home as HTML
  Rendering static_pages/home.html.erb
  Rendered static_pages/home.html.erb (Duration: 0.6ms | Allocations: 158)
Completed 200 OK in 5ms (Views: 3.8ms | Allocations: 1891)


Started GET "/static_pages/home" for 127.0.0.1 at 2024-11-19 13:26:15 +0700
Processing by StaticPagesController#home as HTML
  Rendering static_pages/home.html.erb
  Rendered static_pages/home.html.erb (Duration: 0.5ms | Allocations: 165)
Completed 200 OK in 5ms (Views: 3.4ms | Allocations: 1910)


Started GET "/static_pages/home" for 127.0.0.1 at 2024-11-19 13:27:44 +0700
Processing by StaticPagesController#home as HTML
  Rendering static_pages/home.html.erb
  Rendered static_pages/home.html.erb (Duration: 0.1ms | Allocations: 38)
Completed 200 OK in 2ms (Views: 0.8ms | Allocations: 506)


Started GET "/static_pages/home" for 127.0.0.1 at 2024-11-19 13:29:11 +0700
Processing by StaticPagesController#home as HTML
  Rendering static_pages/home.html.erb
  Rendered static_pages/home.html.erb (Duration: 0.2ms | Allocations: 38)
Completed 200 OK in 2ms (Views: 0.9ms | Allocations: 456)


Started GET "/static_pages/home" for 127.0.0.1 at 2024-11-19 13:36:28 +0700
Processing by StaticPagesController#home as HTML
  Rendering static_pages/home.html.erb
  Rendered static_pages/home.html.erb (Duration: 0.7ms | Allocations: 211)
Completed 200 OK in 5ms (Views: 3.9ms | Allocations: 1901)


Started GET "/static_pages/home" for 127.0.0.1 at 2024-11-19 13:36:35 +0700
Processing by StaticPagesController#home as HTML
  Rendering static_pages/home.html.erb
  Rendered static_pages/home.html.erb (Duration: 0.6ms | Allocations: 209)
Completed 200 OK in 5ms (Views: 3.4ms | Allocations: 1954)


Started GET "/static_pages/home" for 127.0.0.1 at 2024-11-19 13:36:52 +0700
Processing by StaticPagesController#home as HTML
  Rendering static_pages/home.html.erb
  Rendered static_pages/home.html.erb (Duration: 0.7ms | Allocations: 204)
Completed 200 OK in 6ms (Views: 4.3ms | Allocations: 1938)


Started GET "/static_pages/home" for 127.0.0.1 at 2024-11-19 13:47:46 +0700
Processing by StaticPagesController#home as HTML
  Rendering static_pages/home.html.erb
  Rendered static_pages/home.html.erb (Duration: 0.1ms | Allocations: 44)
Completed 200 OK in 1ms (Views: 0.6ms | Allocations: 515)


Started GET "/static_pages/home" for 127.0.0.1 at 2024-11-19 13:48:36 +0700
Processing by StaticPagesController#home as HTML
  Rendering static_pages/home.html.erb
  Rendered static_pages/home.html.erb (Duration: 1.5ms | Allocations: 201)
Completed 200 OK in 7ms (Views: 5.6ms | Allocations: 1891)


Started GET "/static_pages/home" for 127.0.0.1 at 2024-11-19 13:50:37 +0700
Processing by StaticPagesController#home as HTML
  Rendering static_pages/home.html.erb
  Rendered static_pages/home.html.erb (Duration: 0.9ms | Allocations: 200)
Completed 200 OK in 7ms (Views: 5.2ms | Allocations: 1939)


Started GET "/static_pages/about" for 127.0.0.1 at 2024-11-19 13:50:43 +0700
Processing by StaticPagesController#about as HTML
  Rendering static_pages/about.html.erb
  Rendered static_pages/about.html.erb (Duration: 0.7ms | Allocations: 161)
Completed 200 OK in 2ms (Views: 1.5ms | Allocations: 775)


Started GET "/static_pages/home" for 127.0.0.1 at 2024-11-19 13:54:48 +0700
Processing by StaticPagesController#home as HTML
  Rendering layout layouts/application.html.erb
  Rendering static_pages/home.html.erb within layouts/application
  Rendered static_pages/home.html.erb within layouts/application (Duration: 0.7ms | Allocations: 172)
[Webpacker] Everything's up-to-date. Nothing to do
  Rendered layout layouts/application.html.erb (Duration: 6.1ms | Allocations: 3548)
Completed 200 OK in 10ms (Views: 8.8ms | Allocations: 4811)


Started GET "/static_pages/home" for 127.0.0.1 at 2024-11-19 13:57:55 +0700
Processing by StaticPagesController#home as HTML
  Rendering layout layouts/application.html.erb
  Rendering static_pages/home.html.erb within layouts/application
  Rendered static_pages/home.html.erb within layouts/application (Duration: 0.8ms | Allocations: 172)
[Webpacker] Everything's up-to-date. Nothing to do
  Rendered layout layouts/application.html.erb (Duration: 9.1ms | Allocations: 3540)
Completed 200 OK in 13ms (Views: 11.2ms | Allocations: 4850)


Started GET "/static_pages/contact/" for 127.0.0.1 at 2024-11-19 14:01:30 +0700
Processing by StaticPagesController#contact as HTML
  Rendering layout layouts/application.html.erb
  Rendering static_pages/contact.html.erb within layouts/application
  Rendered static_pages/contact.html.erb within layouts/application (Duration: 0.5ms | Allocations: 177)
[Webpacker] Everything's up-to-date. Nothing to do
  Rendered layout layouts/application.html.erb (Duration: 5.1ms | Allocations: 3525)
Completed 200 OK in 7ms (Views: 6.4ms | Allocations: 4974)


Started GET "/" for 127.0.0.1 at 2024-11-19 14:02:03 +0700
Processing by StaticPagesController#home as HTML
  Rendering layout layouts/application.html.erb
  Rendering static_pages/home.html.erb within layouts/application
  Rendered static_pages/home.html.erb within layouts/application (Duration: 0.7ms | Allocations: 171)
[Webpacker] Everything's up-to-date. Nothing to do
  Rendered layout layouts/application.html.erb (Duration: 3.8ms | Allocations: 3332)
Completed 200 OK in 7ms (Views: 5.6ms | Allocations: 4245)


Started GET "/" for 127.0.0.1 at 2024-11-19 14:06:10 +0700
Processing by Rails::WelcomeController#index as HTML
  Rendering /home/hinh/.rvm/gems/ruby-3.1.0/gems/railties-6.1.7.10/lib/rails/templates/rails/welcome/index.html.erb
  Rendered /home/hinh/.rvm/gems/ruby-3.1.0/gems/railties-6.1.7.10/lib/rails/templates/rails/welcome/index.html.erb (Duration: 15.8ms | Allocations: 264)
Completed 200 OK in 18ms (Views: 16.7ms | Allocations: 1145)


Started GET "/static_pages/home" for 127.0.0.1 at 2024-11-19 14:06:15 +0700
Processing by StaticPagesController#home as HTML
  Rendering layout layouts/application.html.erb
  Rendering static_pages/home.html.erb within layouts/application
  Rendered static_pages/home.html.erb within layouts/application (Duration: 0.1ms | Allocations: 64)
[Webpacker] Everything's up-to-date. Nothing to do
  Rendered layout layouts/application.html.erb (Duration: 8.7ms | Allocations: 3219)
Completed 200 OK in 10ms (Views: 9.3ms | Allocations: 3973)


Started GET "/" for 127.0.0.1 at 2024-11-19 15:23:17 +0700
  [1m[35m (1.5ms)[0m  [1m[34mSELECT sqlite_version(*)[0m
  [1m[35m (0.3ms)[0m  [1m[34mSELECT "schema_migrations"."version" FROM "schema_migrations" ORDER BY "schema_migrations"."version" ASC[0m
Processing by Rails::WelcomeController#index as HTML
  Rendering /home/hinh/.rvm/gems/ruby-3.1.0/gems/railties-6.1.7.10/lib/rails/templates/rails/welcome/index.html.erb
  Rendered /home/hinh/.rvm/gems/ruby-3.1.0/gems/railties-6.1.7.10/lib/rails/templates/rails/welcome/index.html.erb (Duration: 7.7ms | Allocations: 471)
Completed 200 OK in 20ms (Views: 10.4ms | ActiveRecord: 0.0ms | Allocations: 3375)


Started GET "/static_pages/home" for 127.0.0.1 at 2024-11-19 15:23:50 +0700
Processing by StaticPagesController#home as HTML
  Rendering layout layouts/application.html.erb
  Rendering static_pages/home.html.erb within layouts/application
  Rendered static_pages/home.html.erb within layouts/application (Duration: 0.3ms | Allocations: 183)
[Webpacker] Everything's up-to-date. Nothing to do
  Rendered layout layouts/application.html.erb (Duration: 13.6ms | Allocations: 6880)
Completed 200 OK in 16ms (Views: 14.7ms | ActiveRecord: 0.0ms | Allocations: 8408)


Started GET "/static_pages/home" for 127.0.0.1 at 2024-11-19 15:24:38 +0700
Processing by StaticPagesController#home as HTML
  Rendering layout layouts/application.html.erb
  Rendering static_pages/home.html.erb within layouts/application
  Rendered static_pages/home.html.erb within layouts/application (Duration: 0.6ms | Allocations: 171)
[Webpacker] Everything's up-to-date. Nothing to do
  Rendered layout layouts/application.html.erb (Duration: 8.1ms | Allocations: 3539)
Completed 200 OK in 12ms (Views: 10.4ms | ActiveRecord: 0.0ms | Allocations: 4904)


Started GET "/static_pages/home" for 127.0.0.1 at 2024-11-19 15:25:19 +0700
Processing by StaticPagesController#home as HTML
  Rendering layout layouts/application.html.erb
  Rendering static_pages/home.html.erb within layouts/application
  Rendered static_pages/home.html.erb within layouts/application (Duration: 0.2ms | Allocations: 41)
[Webpacker] Everything's up-to-date. Nothing to do
  Rendered layout layouts/application.html.erb (Duration: 5.6ms | Allocations: 2967)
Completed 200 OK in 7ms (Views: 6.3ms | ActiveRecord: 0.0ms | Allocations: 3400)


Started GET "/static_pages/about" for 127.0.0.1 at 2024-11-19 15:27:46 +0700
Processing by StaticPagesController#about as HTML
  Rendering layout layouts/application.html.erb
  Rendering static_pages/about.html.erb within layouts/application
  Rendered static_pages/about.html.erb within layouts/application (Duration: 0.3ms | Allocations: 135)
[Webpacker] Everything's up-to-date. Nothing to do
  Rendered layout layouts/application.html.erb (Duration: 4.0ms | Allocations: 3062)
Completed 200 OK in 5ms (Views: 4.4ms | ActiveRecord: 0.0ms | Allocations: 3582)


Started GET "/static_pages/about" for 127.0.0.1 at 2024-11-19 15:31:59 +0700
Processing by StaticPagesController#about as HTML
  Rendering layout layouts/application.html.erb
  Rendering static_pages/about.html.erb within layouts/application
  Rendered static_pages/about.html.erb within layouts/application (Duration: 0.1ms | Allocations: 64)
[Webpacker] Everything's up-to-date. Nothing to do
  Rendered layout layouts/application.html.erb (Duration: 3.7ms | Allocations: 3221)
Completed 200 OK in 5ms (Views: 4.6ms | Allocations: 3977)


Started GET "/static_pages/about" for 127.0.0.1 at 2024-11-19 15:33:15 +0700
Processing by StaticPagesController#about as HTML
  Rendering layout layouts/application.html.erb
  Rendering static_pages/about.html.erb within layouts/application
  Rendered static_pages/about.html.erb within layouts/application (Duration: 0.7ms | Allocations: 177)
[Webpacker] Everything's up-to-date. Nothing to do
  Rendered layout layouts/application.html.erb (Duration: 8.2ms | Allocations: 3556)
Completed 200 OK in 13ms (Views: 10.9ms | Allocations: 4891)


Started GET "/static_pages/home" for 127.0.0.1 at 2024-11-19 15:34:16 +0700
Processing by StaticPagesController#home as HTML
  Rendering layout layouts/application.html.erb
  Rendering static_pages/home.html.erb within layouts/application
  Rendered static_pages/home.html.erb within layouts/application (Duration: 0.3ms | Allocations: 149)
[Webpacker] Everything's up-to-date. Nothing to do
  Rendered layout layouts/application.html.erb (Duration: 13.6ms | Allocations: 3521)
Completed 200 OK in 16ms (Views: 14.8ms | Allocations: 4825)


Started GET "/static_pages/home" for 127.0.0.1 at 2024-11-19 15:49:13 +0700
Processing by StaticPagesController#home as HTML
  Rendering layout layouts/application.html.erb
  Rendering static_pages/home.html.erb within layouts/application
  Rendered static_pages/home.html.erb within layouts/application (Duration: 0.7ms | Allocations: 176)
[Webpacker] Everything's up-to-date. Nothing to do
  Rendered layout layouts/application.html.erb (Duration: 13.0ms | Allocations: 3753)
Completed 200 OK in 17ms (Views: 15.5ms | Allocations: 5072)


Started GET "/static_pages/home" for 127.0.0.1 at 2024-11-19 15:49:45 +0700
Processing by StaticPagesController#home as HTML
  Rendering layout layouts/application.html.erb
  Rendering static_pages/home.html.erb within layouts/application
  Rendered static_pages/home.html.erb within layouts/application (Duration: 0.1ms | Allocations: 41)
[Webpacker] Everything's up-to-date. Nothing to do
  Rendered layout layouts/application.html.erb (Duration: 3.9ms | Allocations: 3057)
Completed 200 OK in 5ms (Views: 4.2ms | Allocations: 3485)


Started GET "/static_pages/home" for 127.0.0.1 at 2024-11-19 15:50:17 +0700
Processing by StaticPagesController#home as HTML
  Rendering layout layouts/application.html.erb
  Rendering static_pages/home.html.erb within layouts/application
  Rendered static_pages/home.html.erb within layouts/application (Duration: 0.9ms | Allocations: 171)
[Webpacker] Everything's up-to-date. Nothing to do
  Rendered layout layouts/application.html.erb (Duration: 5.3ms | Allocations: 3725)
Completed 200 OK in 10ms (Views: 7.8ms | Allocations: 4980)


Started GET "/static_pages/home" for 127.0.0.1 at 2024-11-19 15:51:46 +0700
Processing by StaticPagesController#home as HTML
  Rendering layout layouts/application.html.erb
  Rendering static_pages/home.html.erb within layouts/application
  Rendered static_pages/home.html.erb within layouts/application (Duration: 0.7ms | Allocations: 171)
[Webpacker] Everything's up-to-date. Nothing to do
  Rendered layout layouts/application.html.erb (Duration: 8.2ms | Allocations: 3620)
Completed 200 OK in 12ms (Views: 10.3ms | Allocations: 4924)


Started GET "/static_pages/home" for 127.0.0.1 at 2024-11-19 15:52:28 +0700
Processing by StaticPagesController#home as HTML
  Rendering layout layouts/application.html.erb
  Rendering static_pages/home.html.erb within layouts/application
  Rendered static_pages/home.html.erb within layouts/application (Duration: 11.7ms | Allocations: 7510)
  Rendered layout layouts/application.html.erb (Duration: 11.9ms | Allocations: 7601)
Completed 500 Internal Server Error in 14ms (Allocations: 8886)


  
ActionView::Template::Error (The asset "rails.svg" is not present in the asset pipeline.
):
     7:   </h2>
     8:   <%= link_to "Sign up now!", '#', class: "btn btn-lg btn-primary" %>
     9: </div>
    10: <%= link_to image_tag("rails.svg", alt: "Rails logo", width: "200"),
    11:             "https://rubyonrails.org/" %>
  
app/views/static_pages/home.html.erb:10
Started GET "/static_pages/home" for 127.0.0.1 at 2024-11-19 15:53:29 +0700
Processing by StaticPagesController#home as HTML
  Rendering layout layouts/application.html.erb
  Rendering static_pages/home.html.erb within layouts/application
  Rendered static_pages/home.html.erb within layouts/application (Duration: 1.7ms | Allocations: 1746)
  Rendered layout layouts/application.html.erb (Duration: 1.9ms | Allocations: 1828)
Completed 500 Internal Server Error in 6ms (Allocations: 3109)


  
ActionView::Template::Error (The asset "logos/rails.svg" is not present in the asset pipeline.
):
     7:   </h2>
     8:   <%= link_to "Sign up now!", '#', class: "btn btn-lg btn-primary" %>
     9: </div>
    10: <%= link_to image_tag("logos/rails.svg", alt: "Rails logo", width: "200"), "https://rubyonrails.org/" %>
  
app/views/static_pages/home.html.erb:10
Started GET "/static_pages/home" for 127.0.0.1 at 2024-11-19 15:54:07 +0700
Processing by StaticPagesController#home as HTML
  Rendering layout layouts/application.html.erb
  Rendering static_pages/home.html.erb within layouts/application
  Rendered static_pages/home.html.erb within layouts/application (Duration: 4.0ms | Allocations: 4037)
  Rendered layout layouts/application.html.erb (Duration: 4.3ms | Allocations: 4119)
Completed 500 Internal Server Error in 8ms (Allocations: 5396)


  
ActionView::Template::Error (The asset "rails.svg" is not present in the asset pipeline.
):
    13:   </h2>
    14:   <%= link_to "Sign up now!", '#', class: "btn btn-lg btn-primary" %>
    15: </div>
    16: <%= link_to image_tag("rails.svg", alt: "Rails logo", width: "200"),
    17:             "https://rubyonrails.org/" %>
  
app/views/static_pages/home.html.erb:16
Started GET "/static_pages/home" for 127.0.0.1 at 2024-11-19 15:54:21 +0700
Processing by StaticPagesController#home as HTML
  Rendering layout layouts/application.html.erb
  Rendering static_pages/home.html.erb within layouts/application
  Rendered static_pages/home.html.erb within layouts/application (Duration: 3.5ms | Allocations: 4036)
  Rendered layout layouts/application.html.erb (Duration: 3.8ms | Allocations: 4118)
Completed 500 Internal Server Error in 7ms (Allocations: 5395)


  
ActionView::Template::Error (The asset "rails.svg" is not present in the asset pipeline.
):
    13:   </h2>
    14:   <%= link_to "Sign up now!", '#', class: "btn btn-lg btn-primary" %>
    15: </div>
    16: <%= link_to image_tag("rails.svg", alt: "Rails logo", width: "200"),
    17:             "https://rubyonrails.org/" %>
  
app/views/static_pages/home.html.erb:16
Started GET "/static_pages/home" for 127.0.0.1 at 2024-11-19 15:54:29 +0700
Processing by StaticPagesController#home as HTML
  Rendering layout layouts/application.html.erb
  Rendering static_pages/home.html.erb within layouts/application
  Rendered static_pages/home.html.erb within layouts/application (Duration: 0.6ms | Allocations: 261)
[Webpacker] Everything's up-to-date. Nothing to do
  Rendered layout layouts/application.html.erb (Duration: 5.5ms | Allocations: 3794)
Completed 200 OK in 9ms (Views: 7.6ms | Allocations: 5106)


Started GET "/static_pages/home" for 127.0.0.1 at 2024-11-19 15:54:41 +0700
Processing by StaticPagesController#home as HTML
  Rendering layout layouts/application.html.erb
  Rendering static_pages/home.html.erb within layouts/application
  Rendered static_pages/home.html.erb within layouts/application (Duration: 5.2ms | Allocations: 4033)
  Rendered layout layouts/application.html.erb (Duration: 5.5ms | Allocations: 4115)
Completed 500 Internal Server Error in 9ms (Allocations: 5383)


  
ActionView::Template::Error (The asset "rails.svg" is not present in the asset pipeline.
):
    13:   </h2>
    14:   <%= link_to "Sign up now!", '#', class: "btn btn-lg btn-primary" %>
    15: </div>
    16: <%= link_to image_tag("rails.svg", alt: "Rails logo", width: "200"), "https://rubyonrails.org/" %>
  
app/views/static_pages/home.html.erb:16
Started GET "/static_pages/home" for 127.0.0.1 at 2024-11-19 15:55:35 +0700
Processing by StaticPagesController#home as HTML
  Rendering layout layouts/application.html.erb
  Rendering static_pages/home.html.erb within layouts/application
  Rendered static_pages/home.html.erb within layouts/application (Duration: 0.8ms | Allocations: 349)
[Webpacker] Everything's up-to-date. Nothing to do
  Rendered layout layouts/application.html.erb (Duration: 6.4ms | Allocations: 3878)
Completed 200 OK in 10ms (Views: 8.0ms | Allocations: 5190)


Started GET "/static_pages/home" for 127.0.0.1 at 2024-11-19 15:56:17 +0700
Processing by StaticPagesController#home as HTML
  Rendering layout layouts/application.html.erb
  Rendering static_pages/home.html.erb within layouts/application
  Rendered static_pages/home.html.erb within layouts/application (Duration: 16.8ms | Allocations: 5445)
[Webpacker] Everything's up-to-date. Nothing to do
  Rendered layout layouts/application.html.erb (Duration: 24.8ms | Allocations: 8747)
Completed 200 OK in 29ms (Views: 27.7ms | Allocations: 10050)


Started GET "/static_pages/home" for 127.0.0.1 at 2024-11-19 15:58:41 +0700
Processing by StaticPagesController#home as HTML
  Rendering layout layouts/application.html.erb
  Rendering static_pages/home.html.erb within layouts/application
  Rendered static_pages/home.html.erb within layouts/application (Duration: 1.7ms | Allocations: 991)
[Webpacker] Everything's up-to-date. Nothing to do
  Rendered layout layouts/application.html.erb (Duration: 8.7ms | Allocations: 4313)
Completed 200 OK in 11ms (Views: 10.3ms | Allocations: 5622)


  
ActionController::RoutingError (No route matches [GET] "/assets/kitten.jpg"):
  
Started GET "/static_pages/home" for 127.0.0.1 at 2024-11-19 15:58:57 +0700
Processing by StaticPagesController#home as HTML
  Rendering layout layouts/application.html.erb
  Rendering static_pages/home.html.erb within layouts/application
  Rendered static_pages/home.html.erb within layouts/application (Duration: 1.3ms | Allocations: 986)
[Webpacker] Everything's up-to-date. Nothing to do
  Rendered layout layouts/application.html.erb (Duration: 7.3ms | Allocations: 4308)
Completed 200 OK in 10ms (Views: 9.0ms | Allocations: 5582)


Started GET "/kitten.jpg" for 127.0.0.1 at 2024-11-19 15:58:57 +0700
  
ActionController::RoutingError (No route matches [GET] "/kitten.jpg"):
  
Started GET "/static_pages/home" for 127.0.0.1 at 2024-11-19 16:01:11 +0700
Processing by StaticPagesController#home as HTML
  Rendering layout layouts/application.html.erb
  Rendering static_pages/home.html.erb within layouts/application
  Rendered static_pages/home.html.erb within layouts/application (Duration: 2.1ms | Allocations: 991)
[Webpacker] Everything's up-to-date. Nothing to do
  Rendered layout layouts/application.html.erb (Duration: 7.0ms | Allocations: 4317)
Completed 200 OK in 9ms (Views: 8.1ms | Allocations: 5589)


Started GET "/static_pages/home" for 127.0.0.1 at 2024-11-19 16:01:24 +0700
Processing by StaticPagesController#home as HTML
  Rendering layout layouts/application.html.erb
  Rendering static_pages/home.html.erb within layouts/application
  Rendered static_pages/home.html.erb within layouts/application (Duration: 3.5ms | Allocations: 988)
[Webpacker] Everything's up-to-date. Nothing to do
  Rendered layout layouts/application.html.erb (Duration: 8.1ms | Allocations: 4310)
Completed 200 OK in 12ms (Views: 10.5ms | Allocations: 5613)


Started GET "/static_pages/home" for 127.0.0.1 at 2024-11-19 16:02:31 +0700
Processing by StaticPagesController#home as HTML
  Rendering layout layouts/application.html.erb
  Rendering static_pages/home.html.erb within layouts/application
  Rendered static_pages/home.html.erb within layouts/application (Duration: 14.4ms | Allocations: 5950)
[Webpacker] Everything's up-to-date. Nothing to do
  Rendered layout layouts/application.html.erb (Duration: 23.5ms | Allocations: 9260)
Completed 200 OK in 26ms (Views: 25.5ms | Allocations: 10568)


Started GET "/static_pages/home" for 127.0.0.1 at 2024-11-19 16:06:26 +0700
Processing by StaticPagesController#home as HTML
  Rendering layout layouts/application.html.erb
  Rendering static_pages/home.html.erb within layouts/application
  Rendered static_pages/home.html.erb within layouts/application (Duration: 2.4ms | Allocations: 1099)
  Rendered layout layouts/application.html.erb (Duration: 19.2ms | Allocations: 6035)
Completed 500 Internal Server Error in 21ms (Allocations: 6441)


  
ActionView::Template::Error (Error: File to import not found or unreadable: bootstrap-sprockets.
        on line 1:1 of app/assets/stylesheets/custom.scss
>> @import "bootstrap-sprockets";

   ^
):
     5:   <meta charset="utf-8">
     6:   <%= csrf_meta_tags %>
     7:   <%= csp_meta_tag %>
     8:   <%= stylesheet_link_tag 'application', media: 'all',
     9:                           'data-turbolinks-track': 'reload' %>
    10:   <%= javascript_pack_tag 'application', 'data-turbolinks-track': 'reload' %>
    11:   <script src="//cdnjs.cloudflare.com/ajax/libs/html5shiv/r29/html5.min.js">
  
app/assets/stylesheets/custom.scss:1
app/views/layouts/application.html.erb:8
Started GET "/static_pages/home" for 127.0.0.1 at 2024-11-19 16:06:49 +0700
Processing by StaticPagesController#home as HTML
  Rendering layout layouts/application.html.erb
  Rendering static_pages/home.html.erb within layouts/application
  Rendered static_pages/home.html.erb within layouts/application (Duration: 1.8ms | Allocations: 1105)
  Rendered layout layouts/application.html.erb (Duration: 5.9ms | Allocations: 4979)
Completed 500 Internal Server Error in 7ms (Allocations: 5332)


  
ActionView::Template::Error (Error: File to import not found or unreadable: bootstrap-sprockets.
        on line 1:1 of app/assets/stylesheets/custom.scss
>> @import "bootstrap-sprockets";

   ^
):
     5:   <meta charset="utf-8">
     6:   <%= csrf_meta_tags %>
     7:   <%= csp_meta_tag %>
     8:   <%= stylesheet_link_tag 'application', media: 'all',
     9:                           'data-turbolinks-track': 'reload' %>
    10:   <%= javascript_pack_tag 'application', 'data-turbolinks-track': 'reload' %>
    11:   <script src="//cdnjs.cloudflare.com/ajax/libs/html5shiv/r29/html5.min.js">
  
app/assets/stylesheets/custom.scss:1
app/views/layouts/application.html.erb:8
Started GET "/static_pages/home" for 127.0.0.1 at 2024-11-19 16:09:19 +0700
Processing by StaticPagesController#home as HTML
  Rendering layout layouts/application.html.erb
  Rendering static_pages/home.html.erb within layouts/application
  Rendered static_pages/home.html.erb within layouts/application (Duration: 5.0ms | Allocations: 1104)
  Rendered layout layouts/application.html.erb (Duration: 11.1ms | Allocations: 4945)
Completed 500 Internal Server Error in 14ms (Allocations: 5298)


  
ActionView::Template::Error (Error: File to import not found or unreadable: bootstrap-sprockets.
        on line 1:1 of app/assets/stylesheets/custom.scss
>> @import "bootstrap-sprockets";

   ^
):
     5:   <meta charset="utf-8">
     6:   <%= csrf_meta_tags %>
     7:   <%= csp_meta_tag %>
     8:   <%= stylesheet_link_tag 'application', media: 'all',
     9:                           'data-turbolinks-track': 'reload' %>
    10:   <%= javascript_pack_tag 'application', 'data-turbolinks-track': 'reload' %>
    11:   <script src="//cdnjs.cloudflare.com/ajax/libs/html5shiv/r29/html5.min.js">
  
app/assets/stylesheets/custom.scss:1
app/views/layouts/application.html.erb:8
Started GET "/" for 127.0.0.1 at 2024-11-19 16:09:57 +0700
  [1m[35m (1.4ms)[0m  [1m[34mSELECT sqlite_version(*)[0m
  [1m[35m (0.2ms)[0m  [1m[34mSELECT "schema_migrations"."version" FROM "schema_migrations" ORDER BY "schema_migrations"."version" ASC[0m
Processing by Rails::WelcomeController#index as HTML
  Rendering /home/hinh/.rvm/gems/ruby-3.1.0/gems/railties-6.1.7.10/lib/rails/templates/rails/welcome/index.html.erb
  Rendered /home/hinh/.rvm/gems/ruby-3.1.0/gems/railties-6.1.7.10/lib/rails/templates/rails/welcome/index.html.erb (Duration: 4.8ms | Allocations: 471)
Completed 200 OK in 13ms (Views: 6.5ms | ActiveRecord: 0.0ms | Allocations: 3374)


Started GET "/static_pages/home" for 127.0.0.1 at 2024-11-19 16:10:01 +0700
Processing by StaticPagesController#home as HTML
  Rendering layout layouts/application.html.erb
  Rendering static_pages/home.html.erb within layouts/application
  Rendered static_pages/home.html.erb within layouts/application (Duration: 750.0ms | Allocations: 57860)
[Webpacker] Everything's up-to-date. Nothing to do
  Rendered layout layouts/application.html.erb (Duration: 794.4ms | Allocations: 71032)
Completed 200 OK in 798ms (Views: 797.0ms | ActiveRecord: 0.0ms | Allocations: 72559)


Started GET "/static_pages/home" for 127.0.0.1 at 2024-11-19 16:10:43 +0700
Processing by StaticPagesController#home as HTML
  Rendering layout layouts/application.html.erb
  Rendering static_pages/home.html.erb within layouts/application
  Rendered static_pages/home.html.erb within layouts/application (Duration: 1.9ms | Allocations: 1245)
[Webpacker] Everything's up-to-date. Nothing to do
  Rendered layout layouts/application.html.erb (Duration: 735.6ms | Allocations: 49672)
Completed 200 OK in 737ms (Views: 736.2ms | ActiveRecord: 0.0ms | Allocations: 50159)


Started GET "/static_pages/home" for 127.0.0.1 at 2024-11-19 16:10:57 +0700
Processing by StaticPagesController#home as HTML
  Rendering layout layouts/application.html.erb
  Rendering static_pages/home.html.erb within layouts/application
  Rendered static_pages/home.html.erb within layouts/application (Duration: 2.0ms | Allocations: 1458)
[Webpacker] Everything's up-to-date. Nothing to do
  Rendered layout layouts/application.html.erb (Duration: 10.4ms | Allocations: 8497)
Completed 200 OK in 15ms (Views: 12.8ms | ActiveRecord: 0.0ms | Allocations: 9807)


Started GET "/static_pages/home" for 127.0.0.1 at 2024-11-19 16:11:14 +0700
Processing by StaticPagesController#home as HTML
  Rendering layout layouts/application.html.erb
  Rendering static_pages/home.html.erb within layouts/application
  Rendered static_pages/home.html.erb within layouts/application (Duration: 2.2ms | Allocations: 995)
[Webpacker] Everything's up-to-date. Nothing to do
  Rendered layout layouts/application.html.erb (Duration: 10.5ms | Allocations: 8033)
Completed 200 OK in 14ms (Views: 12.7ms | ActiveRecord: 0.0ms | Allocations: 9344)


Started GET "/static_pages/home" for 127.0.0.1 at 2024-11-19 16:12:14 +0700
Processing by StaticPagesController#home as HTML
  Rendering layout layouts/application.html.erb
  Rendering static_pages/home.html.erb within layouts/application
  Rendered static_pages/home.html.erb within layouts/application (Duration: 1.3ms | Allocations: 659)
[Webpacker] Everything's up-to-date. Nothing to do
  Rendered layout layouts/application.html.erb (Duration: 704.7ms | Allocations: 50703)
Completed 200 OK in 706ms (Views: 705.2ms | ActiveRecord: 0.0ms | Allocations: 51142)


Started GET "/static_pages/home" for 127.0.0.1 at 2024-11-19 16:13:01 +0700
Processing by StaticPagesController#home as HTML
  Rendering layout layouts/application.html.erb
  Rendering static_pages/home.html.erb within layouts/application
  Rendered static_pages/home.html.erb within layouts/application (Duration: 1.5ms | Allocations: 661)
[Webpacker] Everything's up-to-date. Nothing to do
  Rendered layout layouts/application.html.erb (Duration: 618.6ms | Allocations: 52065)
Completed 200 OK in 620ms (Views: 619.2ms | ActiveRecord: 0.0ms | Allocations: 52453)


Started GET "/static_pages/home" for 127.0.0.1 at 2024-11-19 16:18:02 +0700
Processing by StaticPagesController#home as HTML
  Rendering layout layouts/application.html.erb
  Rendering static_pages/home.html.erb within layouts/application
  Rendered static_pages/home.html.erb within layouts/application (Duration: 2.7ms | Allocations: 999)
[Webpacker] Everything's up-to-date. Nothing to do
  Rendered layout layouts/application.html.erb (Duration: 20.4ms | Allocations: 12764)
Completed 500 Internal Server Error in 24ms (Allocations: 14022)


  
ActionView::Template::Error (Missing partial layouts/_shim with {:locale=>[:en], :formats=>[:html], :variants=>[], :handlers=>[:raw, :erb, :html, :builder, :ruby, :jbuilder]}. Searched in:
  * "/home/hinh/Desktop/Rails/sample_app1/app/views"
  * "/home/hinh/.rvm/gems/ruby-3.1.0/gems/actiontext-6.1.7.10/app/views"
  * "/home/hinh/.rvm/gems/ruby-3.1.0/gems/actionmailbox-6.1.7.10/app/views"
):
    10:   <%= javascript_pack_tag 'application', 'data-turbolinks-track': 'reload' %>
    11:   <script src="//cdnjs.cloudflare.com/ajax/libs/html5shiv/r29/html5.min.js">
    12:   </script>
    13:   <%= render 'layouts/shim' %>
    14: </head>
    15: <body>
    16: <header class="navbar navbar-fixed-top navbar-inverse">
  
app/views/layouts/application.html.erb:13
Started GET "/static_pages/home" for 127.0.0.1 at 2024-11-19 16:19:19 +0700
Processing by StaticPagesController#home as HTML
  Rendering layout layouts/application.html.erb
  Rendering static_pages/home.html.erb within layouts/application
  Rendered static_pages/home.html.erb within layouts/application (Duration: 1.4ms | Allocations: 997)
[Webpacker] Everything's up-to-date. Nothing to do
  Rendered layout layouts/application.html.erb (Duration: 10.6ms | Allocations: 9140)
Completed 500 Internal Server Error in 14ms (Allocations: 10422)


  
ActionView::Template::Error (Missing partial layouts/_shim with {:locale=>[:en], :formats=>[:html], :variants=>[], :handlers=>[:raw, :erb, :html, :builder, :ruby, :jbuilder]}. Searched in:
  * "/home/hinh/Desktop/Rails/sample_app1/app/views"
  * "/home/hinh/.rvm/gems/ruby-3.1.0/gems/actiontext-6.1.7.10/app/views"
  * "/home/hinh/.rvm/gems/ruby-3.1.0/gems/actionmailbox-6.1.7.10/app/views"
):
    10:   <%= javascript_pack_tag 'application', 'data-turbolinks-track': 'reload' %>
    11:   <script src="//cdnjs.cloudflare.com/ajax/libs/html5shiv/r29/html5.min.js">
    12:   </script>
    13:   <%= render 'layouts/shim' %>
    14: </head>
    15: <body>
    16: <header class="navbar navbar-fixed-top navbar-inverse">
  
app/views/layouts/application.html.erb:13
Started GET "/static_pages/home" for 127.0.0.1 at 2024-11-19 16:20:16 +0700
Processing by StaticPagesController#home as HTML
  Rendering layout layouts/application.html.erb
  Rendering static_pages/home.html.erb within layouts/application
  Rendered static_pages/home.html.erb within layouts/application (Duration: 2.0ms | Allocations: 1000)
[Webpacker] Everything's up-to-date. Nothing to do
  Rendered layouts/_shim.html.erb (Duration: 0.3ms | Allocations: 103)
  Rendered layouts/_shim.html.erb (Duration: 0.1ms | Allocations: 39)
  Rendered layout layouts/application.html.erb (Duration: 12.6ms | Allocations: 8481)
Completed 200 OK in 16ms (Views: 14.7ms | Allocations: 9790)


Started GET "/static_pages/home" for 127.0.0.1 at 2024-11-19 16:23:13 +0700
Processing by StaticPagesController#home as HTML
  Rendering layout layouts/application.html.erb
  Rendering static_pages/home.html.erb within layouts/application
  Rendered static_pages/home.html.erb within layouts/application (Duration: 2.6ms | Allocations: 994)
[Webpacker] Everything's up-to-date. Nothing to do
  Rendered layouts/_shim.html.erb (Duration: 0.4ms | Allocations: 102)
  Rendered layouts/_shim.html.erb (Duration: 0.1ms | Allocations: 39)
  Rendered layouts/_footer.html.erb (Duration: 0.7ms | Allocations: 196)
  Rendered layout layouts/application.html.erb (Duration: 613.3ms | Allocations: 53863)
Completed 200 OK in 618ms (Views: 616.4ms | Allocations: 55165)


Started GET "/static_pages/home" for 127.0.0.1 at 2024-11-19 16:26:41 +0700
Processing by StaticPagesController#home as HTML
  Rendering layout layouts/application.html.erb
  Rendering static_pages/home.html.erb within layouts/application
  Rendered static_pages/home.html.erb within layouts/application (Duration: 1.7ms | Allocations: 994)
[Webpacker] Everything's up-to-date. Nothing to do
  Rendered layouts/_shim.html.erb (Duration: 0.2ms | Allocations: 103)
  Rendered layouts/_shim.html.erb (Duration: 0.2ms | Allocations: 39)
  Rendered layouts/_header.html.erb (Duration: 0.4ms | Allocations: 279)
  Rendered layouts/_footer.html.erb (Duration: 0.3ms | Allocations: 190)
  Rendered layout layouts/application.html.erb (Duration: 11.3ms | Allocations: 9354)
Completed 200 OK in 16ms (Views: 14.2ms | Allocations: 10656)


Started GET "/static_pages/home" for 127.0.0.1 at 2024-11-19 16:26:57 +0700
Processing by StaticPagesController#home as HTML
  Rendering layout layouts/application.html.erb
  Rendering static_pages/home.html.erb within layouts/application
  Rendered static_pages/home.html.erb within layouts/application (Duration: 2.1ms | Allocations: 1000)
[Webpacker] Everything's up-to-date. Nothing to do
  Rendered layouts/_shim.html.erb (Duration: 0.2ms | Allocations: 103)
  Rendered layouts/_shim.html.erb (Duration: 0.1ms | Allocations: 39)
  Rendered layouts/_header.html.erb (Duration: 0.4ms | Allocations: 276)
  Rendered layouts/_footer.html.erb (Duration: 0.3ms | Allocations: 190)
  Rendered layout layouts/application.html.erb (Duration: 13.4ms | Allocations: 9362)
Completed 200 OK in 22ms (Views: 20.6ms | Allocations: 10665)


Started GET "/static_pages/home" for 127.0.0.1 at 2024-11-19 16:35:02 +0700
Processing by StaticPagesController#home as HTML
  Rendering layout layouts/application.html.erb
  Rendering static_pages/home.html.erb within layouts/application
  Rendered static_pages/home.html.erb within layouts/application (Duration: 2.4ms | Allocations: 997)
[Webpacker] Everything's up-to-date. Nothing to do
  Rendered layouts/_shim.html.erb (Duration: 0.3ms | Allocations: 102)
  Rendered layouts/_rails_default.html.erb (Duration: 0.2ms | Allocations: 100)
  Rendered layouts/_shim.html.erb (Duration: 0.0ms | Allocations: 39)
  Rendered layouts/_header.html.erb (Duration: 0.3ms | Allocations: 276)
  Rendered layouts/_footer.html.erb (Duration: 0.2ms | Allocations: 190)
  Rendered layout layouts/application.html.erb (Duration: 603.5ms | Allocations: 54649)
Completed 200 OK in 607ms (Views: 605.6ms | Allocations: 55956)


Started GET "/home" for 127.0.0.1 at 2024-11-19 16:40:13 +0700
  
ActionController::RoutingError (No route matches [GET] "/home"):
  
Started GET "/home" for 127.0.0.1 at 2024-11-19 16:40:17 +0700
  
ActionController::RoutingError (No route matches [GET] "/home"):
  
Started GET "/" for 127.0.0.1 at 2024-11-19 16:40:20 +0700
Processing by StaticPagesController#home as HTML
  Rendering layout layouts/application.html.erb
  Rendering static_pages/home.html.erb within layouts/application
  Rendered static_pages/home.html.erb within layouts/application (Duration: 1.1ms | Allocations: 840)
[Webpacker] Everything's up-to-date. Nothing to do
  Rendered layouts/_shim.html.erb (Duration: 0.1ms | Allocations: 43)
  Rendered layouts/_rails_default.html.erb (Duration: 0.0ms | Allocations: 40)
  Rendered layouts/_shim.html.erb (Duration: 0.0ms | Allocations: 39)
  Rendered layouts/_header.html.erb (Duration: 0.2ms | Allocations: 125)
  Rendered layouts/_footer.html.erb (Duration: 0.2ms | Allocations: 76)
  Rendered layout layouts/application.html.erb (Duration: 9.7ms | Allocations: 8262)
Completed 200 OK in 11ms (Views: 10.6ms | Allocations: 9014)


Started GET "/help" for 127.0.0.1 at 2024-11-19 16:40:24 +0700
Processing by StaticPagesController#help as HTML
  Rendering layout layouts/application.html.erb
  Rendering static_pages/help.html.erb within layouts/application
  Rendered static_pages/help.html.erb within layouts/application (Duration: 0.4ms | Allocations: 150)
[Webpacker] Everything's up-to-date. Nothing to do
  Rendered layouts/_shim.html.erb (Duration: 0.1ms | Allocations: 40)
  Rendered layouts/_rails_default.html.erb (Duration: 0.0ms | Allocations: 39)
  Rendered layouts/_shim.html.erb (Duration: 0.0ms | Allocations: 39)
  Rendered layouts/_header.html.erb (Duration: 0.1ms | Allocations: 123)
  Rendered layouts/_footer.html.erb (Duration: 0.3ms | Allocations: 75)
  Rendered layout layouts/application.html.erb (Duration: 8.8ms | Allocations: 7560)
Completed 200 OK in 10ms (Views: 9.2ms | Allocations: 8145)


Started GET "/help" for 127.0.0.1 at 2024-11-19 16:46:32 +0700
Processing by StaticPagesController#help as HTML
  Rendering layout layouts/application.html.erb
  Rendering static_pages/help.html.erb within layouts/application
  Rendered static_pages/help.html.erb within layouts/application (Duration: 0.4ms | Allocations: 178)
[Webpacker] Everything's up-to-date. Nothing to do
  Rendered layouts/_shim.html.erb (Duration: 0.2ms | Allocations: 102)
  Rendered layouts/_rails_default.html.erb (Duration: 0.2ms | Allocations: 99)
  Rendered layouts/_shim.html.erb (Duration: 0.0ms | Allocations: 39)
  Rendered layouts/_header.html.erb (Duration: 7.2ms | Allocations: 4911)
  Rendered layout layouts/application.html.erb (Duration: 18.6ms | Allocations: 13356)
Completed 500 Internal Server Error in 21ms (Allocations: 14767)


  
ActionView::Template::Error (undefined local variable or method `help_path' for #<ActionView::Base:0x0000000000bba8>
Did you mean?  helf_path):
    3:     <%= link_to "sample app", root_path, id: "logo" %>    <nav>
    4:       <ul class="nav navbar-nav navbar-right">
    5:         <li><%= link_to "Home", root_path %></li>
    6:         <li><%= link_to "Help", help_path %></li>
    7:         <li><%= link_to "Log in", '#' %></li>
    8:       </ul>
    9:     </nav>
  
app/views/layouts/_header.html.erb:6
app/views/layouts/application.html.erb:30
Started GET "/help" for 127.0.0.1 at 2024-11-19 16:46:46 +0700
Processing by StaticPagesController#help as HTML
  Rendering layout layouts/application.html.erb
  Rendering static_pages/help.html.erb within layouts/application
  Rendered static_pages/help.html.erb within layouts/application (Duration: 0.5ms | Allocations: 173)
[Webpacker] Everything's up-to-date. Nothing to do
  Rendered layouts/_shim.html.erb (Duration: 0.5ms | Allocations: 102)
  Rendered layouts/_rails_default.html.erb (Duration: 0.2ms | Allocations: 99)
  Rendered layouts/_shim.html.erb (Duration: 0.0ms | Allocations: 39)
  Rendered layouts/_header.html.erb (Duration: 4.5ms | Allocations: 4849)
  Rendered layout layouts/application.html.erb (Duration: 19.4ms | Allocations: 13314)
Completed 500 Internal Server Error in 22ms (Allocations: 14586)


  
ActionView::Template::Error (undefined local variable or method `helf' for #<ActionView::Base:0x0000000000c0a8>):
    3:     <%= link_to "sample app", root_path, id: "logo" %>    <nav>
    4:       <ul class="nav navbar-nav navbar-right">
    5:         <li><%= link_to "Home", root_path %></li>
    6:         <li><%= link_to "Help", helf %></li>
    7:         <li><%= link_to "Log in", '#' %></li>
    8:       </ul>
    9:     </nav>
  
app/views/layouts/_header.html.erb:6
app/views/layouts/application.html.erb:30
Started GET "/help" for 127.0.0.1 at 2024-11-19 16:47:01 +0700
Processing by StaticPagesController#help as HTML
  Rendering layout layouts/application.html.erb
  Rendering static_pages/help.html.erb within layouts/application
  Rendered static_pages/help.html.erb within layouts/application (Duration: 0.4ms | Allocations: 173)
[Webpacker] Everything's up-to-date. Nothing to do
  Rendered layouts/_shim.html.erb (Duration: 0.2ms | Allocations: 102)
  Rendered layouts/_rails_default.html.erb (Duration: 0.4ms | Allocations: 99)
  Rendered layouts/_shim.html.erb (Duration: 0.1ms | Allocations: 39)
  Rendered layouts/_header.html.erb (Duration: 0.9ms | Allocations: 326)
  Rendered layouts/_footer.html.erb (Duration: 0.5ms | Allocations: 208)
  Rendered layout layouts/application.html.erb (Duration: 17.6ms | Allocations: 9203)
Completed 200 OK in 21ms (Views: 19.7ms | Allocations: 10648)


Started GET "/" for 127.0.0.1 at 2024-11-19 16:47:03 +0700
Processing by StaticPagesController#home as HTML
  Rendering layout layouts/application.html.erb
  Rendering static_pages/home.html.erb within layouts/application
  Rendered static_pages/home.html.erb within layouts/application (Duration: 3.4ms | Allocations: 805)
[Webpacker] Everything's up-to-date. Nothing to do
  Rendered layouts/_shim.html.erb (Duration: 0.1ms | Allocations: 40)
  Rendered layouts/_rails_default.html.erb (Duration: 0.1ms | Allocations: 39)
  Rendered layouts/_shim.html.erb (Duration: 0.1ms | Allocations: 39)
  Rendered layouts/_header.html.erb (Duration: 0.2ms | Allocations: 153)
  Rendered layouts/_footer.html.erb (Duration: 0.1ms | Allocations: 93)
  Rendered layout layouts/application.html.erb (Duration: 14.9ms | Allocations: 8128)
Completed 200 OK in 18ms (Views: 15.9ms | Allocations: 8682)


Started GET "/about" for 127.0.0.1 at 2024-11-19 16:47:05 +0700
Processing by StaticPagesController#about as HTML
  Rendering layout layouts/application.html.erb
  Rendering static_pages/about.html.erb within layouts/application
  Rendered static_pages/about.html.erb within layouts/application (Duration: 0.4ms | Allocations: 134)
[Webpacker] Everything's up-to-date. Nothing to do
  Rendered layouts/_shim.html.erb (Duration: 0.1ms | Allocations: 40)
  Rendered layouts/_rails_default.html.erb (Duration: 0.0ms | Allocations: 39)
  Rendered layouts/_shim.html.erb (Duration: 0.0ms | Allocations: 39)
  Rendered layouts/_header.html.erb (Duration: 0.2ms | Allocations: 153)
  Rendered layouts/_footer.html.erb (Duration: 0.1ms | Allocations: 93)
  Rendered layout layouts/application.html.erb (Duration: 9.9ms | Allocations: 7592)
Completed 200 OK in 11ms (Views: 10.3ms | Allocations: 8099)


Started GET "/" for 127.0.0.1 at 2024-11-19 16:47:07 +0700
Processing by StaticPagesController#home as HTML
  Rendering layout layouts/application.html.erb
  Rendering static_pages/home.html.erb within layouts/application
  Rendered static_pages/home.html.erb within layouts/application (Duration: 1.9ms | Allocations: 660)
[Webpacker] Everything's up-to-date. Nothing to do
  Rendered layouts/_shim.html.erb (Duration: 0.1ms | Allocations: 40)
  Rendered layouts/_rails_default.html.erb (Duration: 0.0ms | Allocations: 39)
  Rendered layouts/_shim.html.erb (Duration: 0.0ms | Allocations: 39)
  Rendered layouts/_header.html.erb (Duration: 0.2ms | Allocations: 153)
  Rendered layouts/_footer.html.erb (Duration: 0.1ms | Allocations: 93)
  Rendered layout layouts/application.html.erb (Duration: 21.1ms | Allocations: 7984)
Completed 200 OK in 22ms (Views: 21.7ms | Allocations: 8365)


Started GET "/" for 127.0.0.1 at 2024-11-19 16:49:22 +0700
Processing by StaticPagesController#home as HTML
  Rendering layout layouts/application.html.erb
  Rendering static_pages/home.html.erb within layouts/application
  Rendered static_pages/home.html.erb within layouts/application (Duration: 1.8ms | Allocations: 999)
[Webpacker] Everything's up-to-date. Nothing to do
  Rendered layouts/_shim.html.erb (Duration: 0.2ms | Allocations: 102)
  Rendered layouts/_rails_default.html.erb (Duration: 0.1ms | Allocations: 99)
  Rendered layouts/_shim.html.erb (Duration: 0.0ms | Allocations: 39)
  Rendered layouts/_header.html.erb (Duration: 0.5ms | Allocations: 317)
  Rendered layouts/_footer.html.erb (Duration: 0.2ms | Allocations: 208)
  Rendered layout layouts/application.html.erb (Duration: 11.8ms | Allocations: 9722)
Completed 200 OK in 16ms (Views: 14.5ms | Allocations: 10981)


Started GET "/help" for 127.0.0.1 at 2024-11-19 16:49:24 +0700
Processing by StaticPagesController#help as HTML
  Rendering layout layouts/application.html.erb
  Rendering static_pages/help.html.erb within layouts/application
  Rendered static_pages/help.html.erb within layouts/application (Duration: 1.0ms | Allocations: 129)
[Webpacker] Everything's up-to-date. Nothing to do
  Rendered layouts/_shim.html.erb (Duration: 0.2ms | Allocations: 40)
  Rendered layouts/_rails_default.html.erb (Duration: 0.1ms | Allocations: 39)
  Rendered layouts/_shim.html.erb (Duration: 0.0ms | Allocations: 39)
  Rendered layouts/_header.html.erb (Duration: 0.2ms | Allocations: 152)
  Rendered layouts/_footer.html.erb (Duration: 0.1ms | Allocations: 93)
  Rendered layout layouts/application.html.erb (Duration: 13.0ms | Allocations: 7586)
Completed 200 OK in 15ms (Views: 13.9ms | Allocations: 8141)


Started GET "/help" for 127.0.0.1 at 2024-11-19 16:51:02 +0700
Processing by StaticPagesController#help as HTML
  Rendering layout layouts/application.html.erb
  Rendering static_pages/help.html.erb within layouts/application
  Rendered static_pages/help.html.erb within layouts/application (Duration: 0.4ms | Allocations: 174)
[Webpacker] Everything's up-to-date. Nothing to do
  Rendered layouts/_shim.html.erb (Duration: 0.5ms | Allocations: 102)
  Rendered layouts/_rails_default.html.erb (Duration: 0.4ms | Allocations: 99)
  Rendered layouts/_shim.html.erb (Duration: 0.1ms | Allocations: 39)
  Rendered layouts/_header.html.erb (Duration: 1.1ms | Allocations: 325)
  Rendered layouts/_footer.html.erb (Duration: 0.5ms | Allocations: 208)
  Rendered layout layouts/application.html.erb (Duration: 14.6ms | Allocations: 9162)
Completed 200 OK in 17ms (Views: 16.3ms | Allocations: 10608)


Started GET "/help" for 127.0.0.1 at 2024-11-19 16:51:04 +0700
Processing by StaticPagesController#help as HTML
  Rendering layout layouts/application.html.erb
  Rendering static_pages/help.html.erb within layouts/application
  Rendered static_pages/help.html.erb within layouts/application (Duration: 0.1ms | Allocations: 41)
[Webpacker] Everything's up-to-date. Nothing to do
  Rendered layouts/_shim.html.erb (Duration: 0.1ms | Allocations: 40)
  Rendered layouts/_rails_default.html.erb (Duration: 0.0ms | Allocations: 39)
  Rendered layouts/_shim.html.erb (Duration: 0.0ms | Allocations: 39)
  Rendered layouts/_header.html.erb (Duration: 0.2ms | Allocations: 153)
  Rendered layouts/_footer.html.erb (Duration: 0.1ms | Allocations: 93)
  Rendered layout layouts/application.html.erb (Duration: 9.3ms | Allocations: 7499)
Completed 200 OK in 11ms (Views: 10.0ms | Allocations: 7926)


Started GET "/" for 127.0.0.1 at 2024-11-19 16:51:07 +0700
Processing by StaticPagesController#home as HTML
  Rendering layout layouts/application.html.erb
  Rendering static_pages/home.html.erb within layouts/application
  Rendered static_pages/home.html.erb within layouts/application (Duration: 2.1ms | Allocations: 805)
[Webpacker] Everything's up-to-date. Nothing to do
  Rendered layouts/_shim.html.erb (Duration: 0.1ms | Allocations: 40)
  Rendered layouts/_rails_default.html.erb (Duration: 0.0ms | Allocations: 39)
  Rendered layouts/_shim.html.erb (Duration: 0.0ms | Allocations: 39)
  Rendered layouts/_header.html.erb (Duration: 0.2ms | Allocations: 153)
  Rendered layouts/_footer.html.erb (Duration: 0.2ms | Allocations: 93)
  Rendered layout layouts/application.html.erb (Duration: 12.2ms | Allocations: 8128)
Completed 200 OK in 14ms (Views: 12.8ms | Allocations: 8635)


Started GET "/" for 127.0.0.1 at 2024-11-19 16:52:19 +0700
Processing by StaticPagesController#home as HTML
  Rendering layout layouts/application.html.erb
  Rendering static_pages/home.html.erb within layouts/application
  Rendered static_pages/home.html.erb within layouts/application (Duration: 2.3ms | Allocations: 1000)
[Webpacker] Everything's up-to-date. Nothing to do
  Rendered layouts/_shim.html.erb (Duration: 0.2ms | Allocations: 103)
  Rendered layouts/_rails_default.html.erb (Duration: 0.3ms | Allocations: 99)
  Rendered layouts/_shim.html.erb (Duration: 0.1ms | Allocations: 39)
  Rendered layouts/_header.html.erb (Duration: 0.6ms | Allocations: 311)
  Rendered layouts/_footer.html.erb (Duration: 0.3ms | Allocations: 208)
  Rendered layout layouts/application.html.erb (Duration: 13.7ms | Allocations: 9721)
Completed 200 OK in 17ms (Views: 15.9ms | Allocations: 10981)


Started GET "/help" for 127.0.0.1 at 2024-11-19 16:52:22 +0700
Processing by StaticPagesController#help as HTML
  Rendering layout layouts/application.html.erb
  Rendering static_pages/help.html.erb within layouts/application
  Rendered static_pages/help.html.erb within layouts/application (Duration: 0.6ms | Allocations: 129)
[Webpacker] Everything's up-to-date. Nothing to do
  Rendered layouts/_shim.html.erb (Duration: 0.1ms | Allocations: 40)
  Rendered layouts/_rails_default.html.erb (Duration: 0.1ms | Allocations: 39)
  Rendered layouts/_shim.html.erb (Duration: 0.0ms | Allocations: 39)
  Rendered layouts/_header.html.erb (Duration: 0.6ms | Allocations: 145)
  Rendered layouts/_footer.html.erb (Duration: 0.2ms | Allocations: 93)
  Rendered layout layouts/application.html.erb (Duration: 13.3ms | Allocations: 7579)
Completed 200 OK in 15ms (Views: 13.9ms | Allocations: 8134)


Started GET "/" for 127.0.0.1 at 2024-11-19 16:52:23 +0700
Processing by StaticPagesController#home as HTML
  Rendering layout layouts/application.html.erb
  Rendering static_pages/home.html.erb within layouts/application
  Rendered static_pages/home.html.erb within layouts/application (Duration: 2.1ms | Allocations: 661)
[Webpacker] Everything's up-to-date. Nothing to do
  Rendered layouts/_shim.html.erb (Duration: 0.1ms | Allocations: 40)
  Rendered layouts/_rails_default.html.erb (Duration: 0.0ms | Allocations: 39)
  Rendered layouts/_shim.html.erb (Duration: 0.0ms | Allocations: 39)
  Rendered layouts/_header.html.erb (Duration: 0.2ms | Allocations: 145)
  Rendered layouts/_footer.html.erb (Duration: 0.1ms | Allocations: 93)
  Rendered layout layouts/application.html.erb (Duration: 13.5ms | Allocations: 7976)
Completed 200 OK in 15ms (Views: 14.1ms | Allocations: 8356)


